<?xml version="1.0" encoding="UTF-8"?>
<testng-results ignored="0" total="1" passed="1" failed="0" skipped="0">
  <reporter-output>
  </reporter-output>
  <suite started-at="2023-08-02T17:42:03 IST" name="Suite" finished-at="2023-08-02T17:42:11 IST" duration-ms="7319">
    <groups>
      <group name="GradestarTest">
        <method signature="Gradestar_POC.testAdditionOperation()[pri:0, instance:testcases.Gradestar_POC@6e01f9b0]" name="testAdditionOperation" class="testcases.Gradestar_POC"/>
      </group> <!-- GradestarTest -->
    </groups>
    <test started-at="2023-08-02T17:42:03 IST" name="Gradestar Automationc" finished-at="2023-08-02T17:42:11 IST" duration-ms="7319">
      <class name="testcases.Gradestar_POC">
        <test-method is-config="true" signature="initWinAppDriverServer()[pri:0, instance:testcases.Gradestar_POC@6e01f9b0]" started-at="2023-08-02T17:42:03 IST" name="initWinAppDriverServer" finished-at="2023-08-02T17:42:03 IST" duration-ms="72" status="PASS">
          <reporter-output>
          </reporter-output>
        </test-method> <!-- initWinAppDriverServer -->
        <test-method signature="testAdditionOperation()[pri:0, instance:testcases.Gradestar_POC@6e01f9b0]" started-at="2023-08-02T17:42:03 IST" name="testAdditionOperation" description="Add 2 numbers" finished-at="2023-08-02T17:42:11 IST" duration-ms="7178" status="PASS">
          <reporter-output>
          </reporter-output>
        </test-method> <!-- testAdditionOperation -->
        <test-method is-config="true" signature="tearDown()[pri:0, instance:testcases.Gradestar_POC@6e01f9b0]" started-at="2023-08-02T17:42:11 IST" name="tearDown" finished-at="2023-08-02T17:42:11 IST" duration-ms="34" status="PASS">
          <reporter-output>
          </reporter-output>
        </test-method> <!-- tearDown -->
      </class> <!-- testcases.Gradestar_POC -->
    </test> <!-- Gradestar Automationc -->
  </suite> <!-- Suite -->
</testng-results>
